2025-12-03 21:28:57,453 - root - INFO - 드론 이륙
2025-12-03 21:28:57,490 - root - INFO - 저장되는 값: [4.107751131057739, 11.528, -3.777, 93.391]
2025-12-03 21:28:57,490 - root - INFO - 드론 고도 조정
	현재 고도: 93.391	목표 고도: 150
2025-12-03 21:28:57,490 - root - INFO - 고도 상승 진행 중
2025-12-03 21:28:57,634 - root - INFO - 저장되는 값: [4.252458810806274, 10.299, -3.88, 95.309]
2025-12-03 21:28:57,635 - root - INFO - 고도 상승 진행 중
2025-12-03 21:28:57,781 - root - INFO - 저장되는 값: [4.3993000984191895, 9.41, -3.873, 97.932]
2025-12-03 21:28:57,782 - root - INFO - 고도 상승 진행 중
2025-12-03 21:28:57,927 - root - INFO - 저장되는 값: [4.545103073120117, 9.33, -3.873, 97.932]
2025-12-03 21:28:57,928 - root - INFO - 고도 상승 진행 중
2025-12-03 21:28:58,073 - root - INFO - 저장되는 값: [4.690778970718384, 9.33, -3.693, 105.029]
2025-12-03 21:28:58,073 - root - INFO - 고도 상승 진행 중
2025-12-03 21:28:58,219 - root - INFO - 저장되는 값: [4.83687686920166, 5.441, -3.493, 109.38]
2025-12-03 21:28:58,220 - root - INFO - 고도 상승 진행 중
2025-12-03 21:28:58,366 - root - INFO - 저장되는 값: [4.984400987625122, 4.383, -3.13, 113.788]
2025-12-03 21:28:58,367 - root - INFO - 고도 상승 진행 중
2025-12-03 21:28:58,513 - root - INFO - 저장되는 값: [5.131036758422852, 3.909, -2.582, 118.31]
2025-12-03 21:28:58,516 - root - INFO - 고도 상승 진행 중
2025-12-03 21:28:58,665 - root - INFO - 저장되는 값: [5.283239841461182, 3.614, -1.841, 121.569]
2025-12-03 21:28:58,668 - root - INFO - 고도 상승 진행 중
2025-12-03 21:28:58,810 - root - INFO - 저장되는 값: [5.428441047668457, 3.396, -1.042, 124.865]
2025-12-03 21:28:58,812 - root - INFO - 고도 상승 진행 중
2025-12-03 21:28:58,956 - root - INFO - 저장되는 값: [5.574191093444824, 3.387, 0.226, 127.975]
2025-12-03 21:28:58,959 - root - INFO - 고도 상승 진행 중
2025-12-03 21:28:59,102 - root - INFO - 저장되는 값: [5.720192909240723, 3.371, 1.488, 130.936]
2025-12-03 21:28:59,105 - root - INFO - 고도 상승 진행 중
2025-12-03 21:28:59,252 - root - INFO - 저장되는 값: [5.870262861251831, 3.387, 2.088, 135.211]
2025-12-03 21:28:59,256 - root - INFO - 고도 상승 진행 중
2025-12-03 21:28:59,402 - root - INFO - 저장되는 값: [6.020147800445557, 3.41, 2.775, 138.837]
2025-12-03 21:28:59,406 - root - INFO - 고도 상승 진행 중
2025-12-03 21:28:59,552 - root - INFO - 저장되는 값: [6.170296907424927, 4.372, 3.099, 142.184]
2025-12-03 21:28:59,556 - root - INFO - 고도 상승 진행 중
2025-12-03 21:28:59,702 - root - INFO - 저장되는 값: [6.320169925689697, 4.451, 3.241, 146.036]
2025-12-03 21:28:59,705 - root - INFO - 고도 상승 진행 중
2025-12-03 21:28:59,846 - root - INFO - 저장되는 값: [6.463937044143677, 5.04, 3.396, 149.448]
2025-12-03 21:28:59,849 - root - INFO - 고도 상승 진행 중
2025-12-03 21:28:59,994 - root - INFO - 저장되는 값: [6.6123130321502686, 5.947, 3.669, 153.115]
2025-12-03 21:29:00,035 - root - INFO - 고도 하강 진행 중
2025-12-03 21:29:00,182 - root - INFO - 저장되는 값: [6.799741983413696, 5.993, 3.669, 153.115]
2025-12-03 21:29:00,182 - root - INFO - 고도 하강 진행 중
2025-12-03 21:29:00,329 - root - INFO - 저장되는 값: [6.946822166442871, 6.927, 4.292, 159.27]
2025-12-03 21:29:00,329 - root - INFO - 고도 하강 진행 중
2025-12-03 21:29:00,474 - root - INFO - 저장되는 값: [7.092118978500366, 6.934, 3.989, 159.551]
2025-12-03 21:29:00,475 - root - INFO - 고도 하강 진행 중
2025-12-03 21:29:00,621 - root - INFO - 저장되는 값: [7.239386081695557, 6.689, 3.258, 158.614]
2025-12-03 21:29:00,623 - root - INFO - 고도 하강 진행 중
2025-12-03 21:29:00,768 - root - INFO - 저장되는 값: [7.386598110198975, 6.419, 2.891, 156.907]
2025-12-03 21:29:00,769 - root - INFO - 고도 하강 진행 중
2025-12-03 21:29:00,915 - root - INFO - 저장되는 값: [7.533254146575928, 6.074, 2.679, 154.838]
2025-12-03 21:29:00,918 - root - INFO - 고도 하강 진행 중
2025-12-03 21:29:01,064 - root - INFO - 저장되는 값: [7.68186092376709, 5.608, 2.323, 152.341]
2025-12-03 21:29:01,066 - root - INFO - 고도 하강 진행 중
2025-12-03 21:29:01,212 - root - INFO - 저장되는 값: [7.830474853515625, 5.277, 1.986, 149.592]
2025-12-03 21:29:01,255 - root - INFO - 고도 조정 완료: 
	목표 고도: 150	도달 목표: 149.592
2025-12-03 21:29:01,256 - root - DEBUG - go_to_pos() 함수 시작
2025-12-03 21:29:01,256 - root - DEBUG - 입력된 인자: 
2025-12-03 21:29:01,256 - root - DEBUG - 	target_pos: (370, -580) 	allow_error: 4 	speed: 60
2025-12-03 21:29:01,282 - root - DEBUG - 	now_pos(x, y): (5.253, 1.935)
2025-12-03 21:29:01,282 - root - INFO - 일단 오차 보정 없이 이동
2025-12-03 21:29:01,426 - root - INFO - 저장되는 값: [8.044535875320435, 5.954, 1.223, 146.739]
2025-12-03 21:29:01,573 - root - INFO - 저장되는 값: [8.190826892852783, 6.237, 1.186, 145.693]
2025-12-03 21:29:01,723 - root - INFO - 저장되는 값: [8.340582132339478, 10.716, 1.182, 145.009]
2025-12-03 21:29:01,871 - root - INFO - 저장되는 값: [8.489382028579712, 16.614, 1.01, 144.961]
2025-12-03 21:29:02,020 - root - INFO - 저장되는 값: [8.638203144073486, 22.665, 0.937, 145.247]
2025-12-03 21:29:02,168 - root - INFO - 저장되는 값: [8.786340951919556, 30.465, 0.827, 145.94]
2025-12-03 21:29:02,315 - root - INFO - 저장되는 값: [8.933362007141113, 40.958, 0.635, 146.302]
2025-12-03 21:29:02,463 - root - INFO - 저장되는 값: [9.080768823623657, 52.001, 0.599, 146.881]
2025-12-03 21:29:02,608 - root - INFO - 저장되는 값: [9.22629189491272, 54.073, 0.488, 147.3]
2025-12-03 21:29:02,756 - root - INFO - 저장되는 값: [9.374247789382935, 66.089, 0.145, 147.618]
2025-12-03 21:29:02,906 - root - INFO - 저장되는 값: [9.524047136306763, 77.988, -0.171, 148.344]
2025-12-03 21:29:03,052 - root - INFO - 저장되는 값: [9.670130968093872, 90.691, -0.381, 148.773]
2025-12-03 21:29:03,202 - root - INFO - 저장되는 값: [9.820152044296265, 112.897, -0.546, 148.548]
2025-12-03 21:29:03,349 - root - INFO - 저장되는 값: [9.966685771942139, 124.454, -0.9, 148.39]
2025-12-03 21:29:03,498 - root - INFO - 저장되는 값: [10.116127967834473, 135.637, -1.149, 148.729]
2025-12-03 21:29:03,646 - root - INFO - 저장되는 값: [10.264403820037842, 147.353, -1.387, 148.929]
2025-12-03 21:29:03,795 - root - INFO - 저장되는 값: [10.412639856338501, 158.93, -1.511, 149.122]
2025-12-03 21:29:03,942 - root - INFO - 저장되는 값: [10.560135126113892, 170.3, -1.772, 149.226]
2025-12-03 21:29:04,089 - root - INFO - 저장되는 값: [10.70712399482727, 180.655, -1.901, 149.77]
2025-12-03 21:29:04,235 - root - INFO - 저장되는 값: [10.853432893753052, 190.648, -2.035, 150.463]
2025-12-03 21:29:04,386 - root - INFO - 저장되는 값: [11.004173994064331, 192.233, -2.264, 150.778]
2025-12-03 21:29:04,532 - root - INFO - 저장되는 값: [11.149695873260498, 202.681, -2.31, 150.853]
2025-12-03 21:29:04,680 - root - INFO - 저장되는 값: [11.298183917999268, 223.338, -2.289, 150.945]
2025-12-03 21:29:04,828 - root - INFO - 저장되는 값: [11.445852756500244, 225.517, -2.335, 150.995]
2025-12-03 21:29:04,974 - root - INFO - 저장되는 값: [11.59168291091919, 245.235, -2.38, 150.83]
2025-12-03 21:29:05,122 - root - INFO - 저장되는 값: [11.739809036254883, 246.663, -2.385, 150.83]
2025-12-03 21:29:05,268 - root - INFO - 저장되는 값: [11.886055946350098, 263.946, -2.393, 151.329]
2025-12-03 21:29:05,418 - root - INFO - 저장되는 값: [12.0365629196167, 265.425, -2.32, 151.239]
2025-12-03 21:29:05,568 - root - INFO - 저장되는 값: [12.186156988143921, 285.416, -2.332, 151.438]
2025-12-03 21:29:05,719 - root - INFO - 저장되는 값: [12.336756944656372, 287.442, -2.346, 151.438]
2025-12-03 21:29:05,868 - root - INFO - 저장되는 값: [12.486135005950928, 307.633, -2.409, 152.082]
2025-12-03 21:29:06,015 - root - INFO - 저장되는 값: [12.633212089538574, 316.919, -2.658, 152.211]
2025-12-03 21:29:06,164 - root - INFO - 저장되는 값: [12.781800985336304, 326.542, -2.844, 152.476]
2025-12-03 21:29:06,310 - root - INFO - 저장되는 값: [12.927770137786865, 336.203, -3.026, 151.952]
2025-12-03 21:29:06,461 - root - INFO - 저장되는 값: [13.07886290550232, 337.692, -3.4, 151.954]
2025-12-03 21:29:06,611 - root - INFO - 저장되는 값: [13.228852987289429, 356.868, -3.443, 152.199]
2025-12-03 21:29:06,759 - root - INFO - 저장되는 값: [13.376781940460205, 366.769, -3.441, 152.443]
2025-12-03 21:29:06,904 - root - INFO - 저장되는 값: [13.52230191230774, 375.887, -3.629, 152.551]
2025-12-03 21:29:07,177 - root - INFO - 저장되는 값: [13.79493498802185, 377.384, -4.096, 153.141]
2025-12-03 21:29:07,327 - root - INFO - 저장되는 값: [13.945560932159424, 398.851, -5.635, 153.053]
2025-12-03 21:29:07,478 - root - INFO - 저장되는 값: [14.096055030822754, 404.795, -7.227, 152.868]
2025-12-03 21:29:07,626 - root - INFO - 저장되는 값: [14.243942022323608, 405.742, -7.478, 152.868]
2025-12-03 21:29:07,773 - root - INFO - 저장되는 값: [14.390674829483032, 410.812, -18.418, 151.816]
2025-12-03 21:29:07,918 - root - INFO - 저장되는 값: [14.53655195236206, 412.491, -25.123, 151.507]
2025-12-03 21:29:08,065 - root - INFO - 저장되는 값: [14.682745933532715, 413.558, -32.815, 151.413]
2025-12-03 21:29:08,211 - root - INFO - 저장되는 값: [14.829292058944702, 413.745, -43.134, 151.091]
2025-12-03 21:29:08,359 - root - INFO - 저장되는 값: [14.977377891540527, 413.564, -54.902, 150.477]
2025-12-03 21:29:08,509 - root - INFO - 저장되는 값: [15.12673306465149, 413.516, -67.053, 150.208]
2025-12-03 21:29:08,656 - root - INFO - 저장되는 값: [15.27407193183899, 412.234, -79.46, 149.668]
2025-12-03 21:29:08,806 - root - INFO - 저장되는 값: [15.42400598526001, 411.593, -91.145, 148.809]
2025-12-03 21:29:08,953 - root - INFO - 저장되는 값: [15.571478843688965, 411.494, -92.105, 148.809]
2025-12-03 21:29:09,098 - root - INFO - 저장되는 값: [15.716596841812134, 411.494, -92.105, 148.809]
2025-12-03 21:29:09,206 - root - ERROR - 에러 발생
2025-12-03 21:29:09,207 - root - ERROR - SerialException
Traceback (most recent call last):
  File "/Users/yeongjuyu/Desktop/my_codrone_study/myenv/lib/python3.10/site-packages/serial/serialposix.py", line 621, in write
    n = os.write(self.fd, d)
OSError: [Errno 6] Device not configured

During handling of the above exception, another exception occurred:

Traceback (most recent call last):
  File "/Users/yeongjuyu/Desktop/my_codrone_study/myCodroneLibrary.py", line 508, in <module>
    myDrone.go_to_pos(target_pos=(x, y), speed=drive_speed, allow_error=allow_err, decrease_speed_zone_range=low_speed_zone, decreased_speed=spt_pwr)
  File "/Users/yeongjuyu/Desktop/my_codrone_study/myCodroneLibrary.py", line 249, in go_to_pos
    pos_data = self.drone.get_pos_x(), self.drone.get_pos_y(), self.drone.get_pos_z()
  File "/Users/yeongjuyu/Desktop/my_codrone_study/myenv/lib/python3.10/site-packages/codrone_edu/drone.py", line 952, in get_pos_x
    return self._get_pos_x_desktop(unit)
  File "/Users/yeongjuyu/Desktop/my_codrone_study/myenv/lib/python3.10/site-packages/codrone_edu/drone.py", line 957, in _get_pos_x_desktop
    return self.convert_meter(self.get_position_data()[1], unit)
  File "/Users/yeongjuyu/Desktop/my_codrone_study/myenv/lib/python3.10/site-packages/codrone_edu/drone.py", line 931, in get_position_data
    return self._get_position_data_desktop(delay)
  File "/Users/yeongjuyu/Desktop/my_codrone_study/myenv/lib/python3.10/site-packages/codrone_edu/drone.py", line 936, in _get_position_data_desktop
    self.sendRequest(DeviceType.Drone, DataType.Position)
  File "/Users/yeongjuyu/Desktop/my_codrone_study/myenv/lib/python3.10/site-packages/codrone_edu/drone.py", line 2623, in sendRequest
    return self.transfer(header, data)
  File "/Users/yeongjuyu/Desktop/my_codrone_study/myenv/lib/python3.10/site-packages/codrone_edu/drone.py", line 2319, in transfer
    return self._transfer_desktop(header, data)
  File "/Users/yeongjuyu/Desktop/my_codrone_study/myenv/lib/python3.10/site-packages/codrone_edu/drone.py", line 2331, in _transfer_desktop
    self._serialport.write(dataArray)
  File "/Users/yeongjuyu/Desktop/my_codrone_study/myenv/lib/python3.10/site-packages/serial/serialposix.py", line 655, in write
    raise SerialException('write failed: {}'.format(e))
serial.serialutil.SerialException: write failed: [Errno 6] Device not configured
2025-12-03 21:29:09,214 - root - ERROR - 	write failed: [Errno 6] Device not configured
2025-12-03 21:29:09,214 - root - INFO - 드론 착륙 후 연결 해제
2025-12-03 21:29:09,530 - root - INFO - csv 저장 완료
